


ARM Macro Assembler    Page 1 


    1 00000000                 AREA             Signal, DATA, READONLY
    2 00000000                 export           LeSignal
    3 00000000         LeSignal
    4 00000000 FF 0F           DCW              0x0fff      ;  0 4095  0.99976
    5 00000002 10 0B           DCW              0x0b10      ;  1 2832  0.69141
    6 00000004 58 02           DCW              0x0258      ;  2  600  0.14648
    7 00000006 9C 00           DCW              0x009c      ;  3  156  0.03809
    8 00000008 00 08           DCW              0x0800      ;  4 2048  0.50000
    9 0000000A 64 0F           DCW              0x0f64      ;  5 3940  0.96191
   10 0000000C A8 0D           DCW              0x0da8      ;  6 3496  0.85352
   11 0000000E F0 04           DCW              0x04f0      ;  7 1264  0.30859
   12 00000010 00 00           DCW              0x0000      ;  8    0  0.00000
   13 00000012 F0 04           DCW              0x04f0      ;  9 1264  0.30859
   14 00000014 A8 0D           DCW              0x0da8      ; 10 3496  0.85352
   15 00000016 64 0F           DCW              0x0f64      ; 11 3940  0.96191
   16 00000018 00 08           DCW              0x0800      ; 12 2048  0.50000
   17 0000001A 9C 00           DCW              0x009c      ; 13  156  0.03809
   18 0000001C 58 02           DCW              0x0258      ; 14  600  0.14648
   19 0000001E 10 0B           DCW              0x0b10      ; 15 2832  0.69141
   20 00000020 FF 0F           DCW              0x0fff      ; 16 4095  0.99976
   21 00000022 10 0B           DCW              0x0b10      ; 17 2832  0.69141
   22 00000024 58 02           DCW              0x0258      ; 18  600  0.14648
   23 00000026 9C 00           DCW              0x009c      ; 19  156  0.03809
   24 00000028 00 08           DCW              0x0800      ; 20 2048  0.50000
   25 0000002A 64 0F           DCW              0x0f64      ; 21 3940  0.96191
   26 0000002C A8 0D           DCW              0x0da8      ; 22 3496  0.85352
   27 0000002E F0 04           DCW              0x04f0      ; 23 1264  0.30859
   28 00000030 00 00           DCW              0x0000      ; 24    0  0.00000
   29 00000032 F0 04           DCW              0x04f0      ; 25 1264  0.30859
   30 00000034 A8 0D           DCW              0x0da8      ; 26 3496  0.85352
   31 00000036 64 0F           DCW              0x0f64      ; 27 3940  0.96191
   32 00000038 00 08           DCW              0x0800      ; 28 2048  0.50000
   33 0000003A 9C 00           DCW              0x009c      ; 29  156  0.03809
   34 0000003C 58 02           DCW              0x0258      ; 30  600  0.14648
   35 0000003E 10 0B           DCW              0x0b10      ; 31 2832  0.69141
   36 00000040 FF 0F           DCW              0x0fff      ; 32 4095  0.99976
   37 00000042 10 0B           DCW              0x0b10      ; 33 2832  0.69141
   38 00000044 58 02           DCW              0x0258      ; 34  600  0.14648
   39 00000046 9C 00           DCW              0x009c      ; 35  156  0.03809
   40 00000048 00 08           DCW              0x0800      ; 36 2048  0.50000
   41 0000004A 64 0F           DCW              0x0f64      ; 37 3940  0.96191
   42 0000004C A8 0D           DCW              0x0da8      ; 38 3496  0.85352
   43 0000004E F0 04           DCW              0x04f0      ; 39 1264  0.30859
   44 00000050 00 00           DCW              0x0000      ; 40    0  0.00000
   45 00000052 F0 04           DCW              0x04f0      ; 41 1264  0.30859
   46 00000054 A8 0D           DCW              0x0da8      ; 42 3496  0.85352
   47 00000056 64 0F           DCW              0x0f64      ; 43 3940  0.96191
   48 00000058 00 08           DCW              0x0800      ; 44 2048  0.50000
   49 0000005A 9C 00           DCW              0x009c      ; 45  156  0.03809
   50 0000005C 58 02           DCW              0x0258      ; 46  600  0.14648
   51 0000005E 10 0B           DCW              0x0b10      ; 47 2832  0.69141
   52 00000060 FF 0F           DCW              0x0fff      ; 48 4095  0.99976
   53 00000062 10 0B           DCW              0x0b10      ; 49 2832  0.69141
   54 00000064 58 02           DCW              0x0258      ; 50  600  0.14648
   55 00000066 9C 00           DCW              0x009c      ; 51  156  0.03809
   56 00000068 00 08           DCW              0x0800      ; 52 2048  0.50000
   57 0000006A 64 0F           DCW              0x0f64      ; 53 3940  0.96191
   58 0000006C A8 0D           DCW              0x0da8      ; 54 3496  0.85352
   59 0000006E F0 04           DCW              0x04f0      ; 55 1264  0.30859



ARM Macro Assembler    Page 2 


   60 00000070 00 00           DCW              0x0000      ; 56    0  0.00000
   61 00000072 F0 04           DCW              0x04f0      ; 57 1264  0.30859
   62 00000074 A8 0D           DCW              0x0da8      ; 58 3496  0.85352
   63 00000076 64 0F           DCW              0x0f64      ; 59 3940  0.96191
   64 00000078 00 08           DCW              0x0800      ; 60 2048  0.50000
   65 0000007A 9C 00           DCW              0x009c      ; 61  156  0.03809
   66 0000007C 58 02           DCW              0x0258      ; 62  600  0.14648
   67 0000007E 10 0B           DCW              0x0b10      ; 63 2832  0.69141
   68 00000080                 END
Command Line: --debug --xref --diag_suppress=9931 --cpu=Cortex-M3 --apcs=interw
ork --depend=.\obj\signaltresjoli.d -o.\obj\signaltresjoli.o -I.\RTE\_Simu -IC:
\Programdata\Keil\Arm\Packs\ARM\CMSIS\5.7.0\CMSIS\Core\Include -IC:\Programdata
\Keil\Arm\Packs\Keil\STM32F1xx_DFP\2.3.0\Device\Include --predefine="__EVAL SET
A 1" --predefine="__MICROLIB SETA 1" --predefine="__UVISION_VERSION SETA 530" -
-predefine="_RTE_ SETA 1" --predefine="STM32F10X_MD SETA 1" --predefine="_RTE_ 
SETA 1" --list=signaltresjoli.lst U:\MATLAB\SignalTresJoli.asm



ARM Macro Assembler    Page 1 Alphabetic symbol ordering
Relocatable symbols

LeSignal 00000000

Symbol: LeSignal
   Definitions
      At line 3 in file U:\MATLAB\SignalTresJoli.asm
   Uses
      At line 2 in file U:\MATLAB\SignalTresJoli.asm
Comment: LeSignal used once
Signal 00000000

Symbol: Signal
   Definitions
      At line 1 in file U:\MATLAB\SignalTresJoli.asm
   Uses
      None
Comment: Signal unused
2 symbols
337 symbols in table
