


ARM Macro Assembler    Page 1 


    1 00000000                 PRESERVE8
    2 00000000                 THUMB
    3 00000000         
    4 00000000                 EXPORT           DFT_ModuleAuCarre
    5 00000000         
    6 00000000         ; ====================== zone de réservation de données,
                         ======================================
    7 00000000         ;Section RAM (read only) :
    8 00000000                 area             mesdata,data,readonly
    9 00000000         
   10 00000000         
   11 00000000         ;Section RAM (read write):
   12 00000000                 area             maram,data,readwrite
   13 00000000         
   14 00000000         
   15 00000000         
   16 00000000         ; ======================================================
                       =========================================
   17 00000000         
   18 00000000         
   19 00000000         
   20 00000000         
   21 00000000         ;Section ROM code (read only) :  
   22 00000000                 area             moncode,code,readonly
   23 00000000         ; écrire le code ici  
   24 00000000         
   25 00000000         DFT_ModuleAuCarre
                               proc
   26 00000000 E92D 0FF0       push             {r4-r11}
   27 00000004         
   28 00000004         ;calcul dft reelle carre
   29 00000004 F04F 0200       mov              r2, #0      ;initialisation d'u
                                                            n index "n"
   30 00000008 4D14            ldr              r5, =TabCos ;stockage de l'adre
                                                            sse de TabCos dans 
                                                            r5
   31 0000000A F04F 0700       mov              r7, #0      ;initialisation de 
                                                            DFT
   32 0000000E F04F 0A00       mov              r10, #0     ;initialisation du 
                                                            booleen
   33 00000012         
   34 00000012         ForLoop
   35 00000012 F930 3012       ldrsh            r3, [r0, r2, lsl#1] ;stockage d
                                                            e x[n] dans r3
   36 00000016 FB01 F402       mul              r4, r1, r2  ;calcul de p = k*n
   37 0000001A F004 043F       AND              r4, #63     ;p modulo 64 afin d
                                                            e ne pas deborder d
                                                            u TabCos
   38 0000001E F935 6014       ldrsh            r6, [r5, r4, lsl#1] ;stockage d
                                                            e cos(2pi/64 * p) d
                                                            ans r6
   39 00000022 FB03 F806       mul              r8, r3, r6  ;calcul de x[n]*Tab
                                                            Cos[p]
   40 00000026 4447            add              r7, r8      ;ajout au total de 
                                                            la DFT
   41 00000028 F102 0201       add              r2, #1      ;incrementation de 
                                                            l'index
   42 0000002C 2A40            cmp              r2, #64     ;comparaison du for
                                                            



ARM Macro Assembler    Page 2 


   43 0000002E D1F0            bne              ForLoop
   44 00000030 EA4F 4727       asr              r7, #16     ;on décale les digi
                                                            ts pour éviter un d
                                                            ébordement lors de 
                                                            la mise au carré
   45 00000034 FB07 F707       mul              r7, r7      ;mise au carré
   46 00000038 F1BA 0F00       cmp              r10, #0
   47 0000003C D108            bne              SommeFin
   48 0000003E F04F 0200       mov              r2, #0      ;réinitialisation i
                                                            ndex "n"
   49 00000042 4D07            ldr              r5, =TabSin ;stockage de l'adre
                                                            sse de TabSin dans 
                                                            r5
   50 00000044 46B9            mov              r9, r7      ;stockage du result
                                                            at
   51 00000046 F04F 0700       mov              r7, #0      ;initialisation de 
                                                            DFT
   52 0000004A F04F 0A01       mov              r10, #1     ;bool = true
   53 0000004E E7E0            b                ForLoop
   54 00000050         
   55 00000050         SommeFin
   56 00000050         ;calcul dft finale
   57 00000050 444F            add              r7, r9      ;somme des deux dft
                                                             carrees
   58 00000052 4638            mov              r0, r7      ;stockage du result
                                                            at pour un retour c
                                                            onforme en format 1
                                                            0.22
   59 00000054         
   60 00000054 E8BD 0FF0       pop              {r4-r11}
   61 00000058 4770            bx               lr
   62 0000005A                 endp
   63 0000005A         ;r0 : *x[0]  puis valeur de retour DFT
   64 0000005A         ;r1 : k
   65 0000005A         ;r2 : n
   66 0000005A         ;r3 : x[n]
   67 0000005A         ;r4 : p=k*n
   68 0000005A         ;r5 : &TabCos[0] puis &TabSin[0]
   69 0000005A         ;r6 : TabCos[p] puis TabSin[p]
   70 0000005A         ;r7 : somme DFT reelle puis imaginaire puis finale
   71 0000005A         ;r8 : x[n]*TabCos[p]
   72 0000005A         ;r9 : dft reeel carre
   73 0000005A         ;r10 : flag cos/sin
   74 0000005A         
   75 0000005A         
   76 0000005A         ;Section ROM code (read only) :  
   77 0000005A 00 00 00000000 
              00000000         AREA             Trigo, DATA, READONLY
   78 00000000         ; codage fractionnaire 1.15
   79 00000000         
   80 00000000         TabCos
   81 00000000 FF 7F           DCW              32767       ;  0 0x7fff  0.9999
                                                            7
   82 00000002 62 7F           DCW              32610       ;  1 0x7f62  0.9951
                                                            8
   83 00000004 8A 7D           DCW              32138       ;  2 0x7d8a  0.9807
                                                            7
   84 00000006 7D 7A           DCW              31357       ;  3 0x7a7d  0.9569
                                                            4



ARM Macro Assembler    Page 3 


   85 00000008 42 76           DCW              30274       ;  4 0x7642  0.9238
                                                            9
   86 0000000A E3 70           DCW              28899       ;  5 0x70e3  0.8819
                                                            3
   87 0000000C 6E 6A           DCW              27246       ;  6 0x6a6e  0.8314
                                                            8
   88 0000000E F2 62           DCW              25330       ;  7 0x62f2  0.7730
                                                            1
   89 00000010 82 5A           DCW              23170       ;  8 0x5a82  0.7070
                                                            9
   90 00000012 34 51           DCW              20788       ;  9 0x5134  0.6344
                                                            0
   91 00000014 1D 47           DCW              18205       ; 10 0x471d  0.5555
                                                            7
   92 00000016 57 3C           DCW              15447       ; 11 0x3c57  0.4714
                                                            1
   93 00000018 FC 30           DCW              12540       ; 12 0x30fc  0.3826
                                                            9
   94 0000001A 28 25           DCW              9512        ; 13 0x2528  0.2902
                                                            8
   95 0000001C F9 18           DCW              6393        ; 14 0x18f9  0.1951
                                                            0
   96 0000001E 8C 0C           DCW              3212        ; 15 0x0c8c  0.0980
                                                            2
   97 00000020 00 00           DCW              0           ; 16 0x0000  0.0000
                                                            0
   98 00000022 74 F3           DCW              -3212       ; 17 0xf374 -0.0980
                                                            2
   99 00000024 07 E7           DCW              -6393       ; 18 0xe707 -0.1951
                                                            0
  100 00000026 D8 DA           DCW              -9512       ; 19 0xdad8 -0.2902
                                                            8
  101 00000028 04 CF           DCW              -12540      ; 20 0xcf04 -0.3826
                                                            9
  102 0000002A A9 C3           DCW              -15447      ; 21 0xc3a9 -0.4714
                                                            1
  103 0000002C E3 B8           DCW              -18205      ; 22 0xb8e3 -0.5555
                                                            7
  104 0000002E CC AE           DCW              -20788      ; 23 0xaecc -0.6344
                                                            0
  105 00000030 7E A5           DCW              -23170      ; 24 0xa57e -0.7070
                                                            9
  106 00000032 0E 9D           DCW              -25330      ; 25 0x9d0e -0.7730
                                                            1
  107 00000034 92 95           DCW              -27246      ; 26 0x9592 -0.8314
                                                            8
  108 00000036 1D 8F           DCW              -28899      ; 27 0x8f1d -0.8819
                                                            3
  109 00000038 BE 89           DCW              -30274      ; 28 0x89be -0.9238
                                                            9
  110 0000003A 83 85           DCW              -31357      ; 29 0x8583 -0.9569
                                                            4
  111 0000003C 76 82           DCW              -32138      ; 30 0x8276 -0.9807
                                                            7
  112 0000003E 9E 80           DCW              -32610      ; 31 0x809e -0.9951
                                                            8
  113 00000040 00 80           DCW              -32768      ; 32 0x8000 -1.0000
                                                            0
  114 00000042 9E 80           DCW              -32610      ; 33 0x809e -0.9951



ARM Macro Assembler    Page 4 


                                                            8
  115 00000044 76 82           DCW              -32138      ; 34 0x8276 -0.9807
                                                            7
  116 00000046 83 85           DCW              -31357      ; 35 0x8583 -0.9569
                                                            4
  117 00000048 BE 89           DCW              -30274      ; 36 0x89be -0.9238
                                                            9
  118 0000004A 1D 8F           DCW              -28899      ; 37 0x8f1d -0.8819
                                                            3
  119 0000004C 92 95           DCW              -27246      ; 38 0x9592 -0.8314
                                                            8
  120 0000004E 0E 9D           DCW              -25330      ; 39 0x9d0e -0.7730
                                                            1
  121 00000050 7E A5           DCW              -23170      ; 40 0xa57e -0.7070
                                                            9
  122 00000052 CC AE           DCW              -20788      ; 41 0xaecc -0.6344
                                                            0
  123 00000054 E3 B8           DCW              -18205      ; 42 0xb8e3 -0.5555
                                                            7
  124 00000056 A9 C3           DCW              -15447      ; 43 0xc3a9 -0.4714
                                                            1
  125 00000058 04 CF           DCW              -12540      ; 44 0xcf04 -0.3826
                                                            9
  126 0000005A D8 DA           DCW              -9512       ; 45 0xdad8 -0.2902
                                                            8
  127 0000005C 07 E7           DCW              -6393       ; 46 0xe707 -0.1951
                                                            0
  128 0000005E 74 F3           DCW              -3212       ; 47 0xf374 -0.0980
                                                            2
  129 00000060 00 00           DCW              0           ; 48 0x0000  0.0000
                                                            0
  130 00000062 8C 0C           DCW              3212        ; 49 0x0c8c  0.0980
                                                            2
  131 00000064 F9 18           DCW              6393        ; 50 0x18f9  0.1951
                                                            0
  132 00000066 28 25           DCW              9512        ; 51 0x2528  0.2902
                                                            8
  133 00000068 FC 30           DCW              12540       ; 52 0x30fc  0.3826
                                                            9
  134 0000006A 57 3C           DCW              15447       ; 53 0x3c57  0.4714
                                                            1
  135 0000006C 1D 47           DCW              18205       ; 54 0x471d  0.5555
                                                            7
  136 0000006E 34 51           DCW              20788       ; 55 0x5134  0.6344
                                                            0
  137 00000070 82 5A           DCW              23170       ; 56 0x5a82  0.7070
                                                            9
  138 00000072 F2 62           DCW              25330       ; 57 0x62f2  0.7730
                                                            1
  139 00000074 6E 6A           DCW              27246       ; 58 0x6a6e  0.8314
                                                            8
  140 00000076 E3 70           DCW              28899       ; 59 0x70e3  0.8819
                                                            3
  141 00000078 42 76           DCW              30274       ; 60 0x7642  0.9238
                                                            9
  142 0000007A 7D 7A           DCW              31357       ; 61 0x7a7d  0.9569
                                                            4
  143 0000007C 8A 7D           DCW              32138       ; 62 0x7d8a  0.9807
                                                            7



ARM Macro Assembler    Page 5 


  144 0000007E 62 7F           DCW              32610       ; 63 0x7f62  0.9951
                                                            8
  145 00000080         TabSin
  146 00000080 00 00           DCW              0           ;  0 0x0000  0.0000
                                                            0
  147 00000082 8C 0C           DCW              3212        ;  1 0x0c8c  0.0980
                                                            2
  148 00000084 F9 18           DCW              6393        ;  2 0x18f9  0.1951
                                                            0
  149 00000086 28 25           DCW              9512        ;  3 0x2528  0.2902
                                                            8
  150 00000088 FC 30           DCW              12540       ;  4 0x30fc  0.3826
                                                            9
  151 0000008A 57 3C           DCW              15447       ;  5 0x3c57  0.4714
                                                            1
  152 0000008C 1D 47           DCW              18205       ;  6 0x471d  0.5555
                                                            7
  153 0000008E 34 51           DCW              20788       ;  7 0x5134  0.6344
                                                            0
  154 00000090 82 5A           DCW              23170       ;  8 0x5a82  0.7070
                                                            9
  155 00000092 F2 62           DCW              25330       ;  9 0x62f2  0.7730
                                                            1
  156 00000094 6E 6A           DCW              27246       ; 10 0x6a6e  0.8314
                                                            8
  157 00000096 E3 70           DCW              28899       ; 11 0x70e3  0.8819
                                                            3
  158 00000098 42 76           DCW              30274       ; 12 0x7642  0.9238
                                                            9
  159 0000009A 7D 7A           DCW              31357       ; 13 0x7a7d  0.9569
                                                            4
  160 0000009C 8A 7D           DCW              32138       ; 14 0x7d8a  0.9807
                                                            7
  161 0000009E 62 7F           DCW              32610       ; 15 0x7f62  0.9951
                                                            8
  162 000000A0 FF 7F           DCW              32767       ; 16 0x7fff  0.9999
                                                            7
  163 000000A2 62 7F           DCW              32610       ; 17 0x7f62  0.9951
                                                            8
  164 000000A4 8A 7D           DCW              32138       ; 18 0x7d8a  0.9807
                                                            7
  165 000000A6 7D 7A           DCW              31357       ; 19 0x7a7d  0.9569
                                                            4
  166 000000A8 42 76           DCW              30274       ; 20 0x7642  0.9238
                                                            9
  167 000000AA E3 70           DCW              28899       ; 21 0x70e3  0.8819
                                                            3
  168 000000AC 6E 6A           DCW              27246       ; 22 0x6a6e  0.8314
                                                            8
  169 000000AE F2 62           DCW              25330       ; 23 0x62f2  0.7730
                                                            1
  170 000000B0 82 5A           DCW              23170       ; 24 0x5a82  0.7070
                                                            9
  171 000000B2 34 51           DCW              20788       ; 25 0x5134  0.6344
                                                            0
  172 000000B4 1D 47           DCW              18205       ; 26 0x471d  0.5555
                                                            7
  173 000000B6 57 3C           DCW              15447       ; 27 0x3c57  0.4714
                                                            1



ARM Macro Assembler    Page 6 


  174 000000B8 FC 30           DCW              12540       ; 28 0x30fc  0.3826
                                                            9
  175 000000BA 28 25           DCW              9512        ; 29 0x2528  0.2902
                                                            8
  176 000000BC F9 18           DCW              6393        ; 30 0x18f9  0.1951
                                                            0
  177 000000BE 8C 0C           DCW              3212        ; 31 0x0c8c  0.0980
                                                            2
  178 000000C0 00 00           DCW              0           ; 32 0x0000  0.0000
                                                            0
  179 000000C2 74 F3           DCW              -3212       ; 33 0xf374 -0.0980
                                                            2
  180 000000C4 07 E7           DCW              -6393       ; 34 0xe707 -0.1951
                                                            0
  181 000000C6 D8 DA           DCW              -9512       ; 35 0xdad8 -0.2902
                                                            8
  182 000000C8 04 CF           DCW              -12540      ; 36 0xcf04 -0.3826
                                                            9
  183 000000CA A9 C3           DCW              -15447      ; 37 0xc3a9 -0.4714
                                                            1
  184 000000CC E3 B8           DCW              -18205      ; 38 0xb8e3 -0.5555
                                                            7
  185 000000CE CC AE           DCW              -20788      ; 39 0xaecc -0.6344
                                                            0
  186 000000D0 7E A5           DCW              -23170      ; 40 0xa57e -0.7070
                                                            9
  187 000000D2 0E 9D           DCW              -25330      ; 41 0x9d0e -0.7730
                                                            1
  188 000000D4 92 95           DCW              -27246      ; 42 0x9592 -0.8314
                                                            8
  189 000000D6 1D 8F           DCW              -28899      ; 43 0x8f1d -0.8819
                                                            3
  190 000000D8 BE 89           DCW              -30274      ; 44 0x89be -0.9238
                                                            9
  191 000000DA 83 85           DCW              -31357      ; 45 0x8583 -0.9569
                                                            4
  192 000000DC 76 82           DCW              -32138      ; 46 0x8276 -0.9807
                                                            7
  193 000000DE 9E 80           DCW              -32610      ; 47 0x809e -0.9951
                                                            8
  194 000000E0 00 80           DCW              -32768      ; 48 0x8000 -1.0000
                                                            0
  195 000000E2 9E 80           DCW              -32610      ; 49 0x809e -0.9951
                                                            8
  196 000000E4 76 82           DCW              -32138      ; 50 0x8276 -0.9807
                                                            7
  197 000000E6 83 85           DCW              -31357      ; 51 0x8583 -0.9569
                                                            4
  198 000000E8 BE 89           DCW              -30274      ; 52 0x89be -0.9238
                                                            9
  199 000000EA 1D 8F           DCW              -28899      ; 53 0x8f1d -0.8819
                                                            3
  200 000000EC 92 95           DCW              -27246      ; 54 0x9592 -0.8314
                                                            8
  201 000000EE 0E 9D           DCW              -25330      ; 55 0x9d0e -0.7730
                                                            1
  202 000000F0 7E A5           DCW              -23170      ; 56 0xa57e -0.7070
                                                            9
  203 000000F2 CC AE           DCW              -20788      ; 57 0xaecc -0.6344



ARM Macro Assembler    Page 7 


                                                            0
  204 000000F4 E3 B8           DCW              -18205      ; 58 0xb8e3 -0.5555
                                                            7
  205 000000F6 A9 C3           DCW              -15447      ; 59 0xc3a9 -0.4714
                                                            1
  206 000000F8 04 CF           DCW              -12540      ; 60 0xcf04 -0.3826
                                                            9
  207 000000FA D8 DA           DCW              -9512       ; 61 0xdad8 -0.2902
                                                            8
  208 000000FC 07 E7           DCW              -6393       ; 62 0xe707 -0.1951
                                                            0
  209 000000FE 74 F3           DCW              -3212       ; 63 0xf374 -0.0980
                                                            2
  210 00000100         
  211 00000100         
  212 00000100         
  213 00000100         
  214 00000100                 END
Command Line: --debug --xref --diag_suppress=9931 --cpu=Cortex-M3 --apcs=interw
ork --depend=.\obj\dft.d -o.\obj\dft.o -I.\RTE\_CibleSondeKEIL -IC:\Programdata
\Keil\Arm\Packs\ARM\CMSIS\5.7.0\CMSIS\Core\Include -IC:\Programdata\Keil\Arm\Pa
cks\Keil\STM32F1xx_DFP\2.3.0\Device\Include --predefine="__EVAL SETA 1" --prede
fine="__MICROLIB SETA 1" --predefine="__UVISION_VERSION SETA 530" --predefine="
_RTE_ SETA 1" --predefine="STM32F10X_MD SETA 1" --predefine="_RTE_ SETA 1" --li
st=dft.lst Src\DFT.s



ARM Macro Assembler    Page 1 Alphabetic symbol ordering
Relocatable symbols

mesdata 00000000

Symbol: mesdata
   Definitions
      At line 8 in file Src\DFT.s
   Uses
      None
Comment: mesdata unused
1 symbol



ARM Macro Assembler    Page 1 Alphabetic symbol ordering
Relocatable symbols

maram 00000000

Symbol: maram
   Definitions
      At line 12 in file Src\DFT.s
   Uses
      None
Comment: maram unused
1 symbol



ARM Macro Assembler    Page 1 Alphabetic symbol ordering
Relocatable symbols

DFT_ModuleAuCarre 00000000

Symbol: DFT_ModuleAuCarre
   Definitions
      At line 25 in file Src\DFT.s
   Uses
      At line 4 in file Src\DFT.s
Comment: DFT_ModuleAuCarre used once
ForLoop 00000012

Symbol: ForLoop
   Definitions
      At line 34 in file Src\DFT.s
   Uses
      At line 43 in file Src\DFT.s
      At line 53 in file Src\DFT.s

SommeFin 00000050

Symbol: SommeFin
   Definitions
      At line 55 in file Src\DFT.s
   Uses
      At line 47 in file Src\DFT.s
Comment: SommeFin used once
moncode 00000000

Symbol: moncode
   Definitions
      At line 22 in file Src\DFT.s
   Uses
      None
Comment: moncode unused
4 symbols



ARM Macro Assembler    Page 1 Alphabetic symbol ordering
Relocatable symbols

TabCos 00000000

Symbol: TabCos
   Definitions
      At line 80 in file Src\DFT.s
   Uses
      At line 30 in file Src\DFT.s
Comment: TabCos used once
TabSin 00000080

Symbol: TabSin
   Definitions
      At line 145 in file Src\DFT.s
   Uses
      At line 49 in file Src\DFT.s
Comment: TabSin used once
Trigo 00000000

Symbol: Trigo
   Definitions
      At line 77 in file Src\DFT.s
   Uses
      None
Comment: Trigo unused
3 symbols
346 symbols in table
